c:\users\mathieu marc pobre\source\repos\pco2\sample1.5\x64\debug\vc143.pdb
c:\users\mathieu marc pobre\source\repos\pco2\sample1.5\x64\debug\vc143.idb
c:\users\mathieu marc pobre\source\repos\pco2\sample1.5\x64\debug\glad.obj
c:\users\mathieu marc pobre\source\repos\pco2\sample1.5\x64\debug\mycamera.obj
c:\users\mathieu marc pobre\source\repos\pco2\sample1.5\x64\debug\model3d.obj
c:\users\mathieu marc pobre\source\repos\pco2\sample1.5\x64\debug\sample1.5.obj
c:\users\mathieu marc pobre\source\repos\pco2\x64\debug\shaders\sample.frag
c:\users\mathieu marc pobre\source\repos\pco2\x64\debug\shaders\sample.vert
c:\users\mathieu marc pobre\source\repos\pco2\x64\debug\sample1.5.pdb
c:\users\mathieu marc pobre\source\repos\pco2\sample1.5\x64\debug\sample1.5.tlog\cl.command.1.tlog
c:\users\mathieu marc pobre\source\repos\pco2\sample1.5\x64\debug\sample1.5.tlog\cl.items.tlog
c:\users\mathieu marc pobre\source\repos\pco2\sample1.5\x64\debug\sample1.5.tlog\cl.read.1.tlog
c:\users\mathieu marc pobre\source\repos\pco2\sample1.5\x64\debug\sample1.5.tlog\cl.write.1.tlog
c:\users\mathieu marc pobre\source\repos\pco2\sample1.5\x64\debug\sample1.5.tlog\copyfile.command.1.tlog
c:\users\mathieu marc pobre\source\repos\pco2\sample1.5\x64\debug\sample1.5.tlog\copyfile.read.1.tlog
c:\users\mathieu marc pobre\source\repos\pco2\sample1.5\x64\debug\sample1.5.tlog\copyfile.write.1.tlog
c:\users\mathieu marc pobre\source\repos\pco2\sample1.5\x64\debug\sample1.5.tlog\link-cvtres.read.1.tlog
c:\users\mathieu marc pobre\source\repos\pco2\sample1.5\x64\debug\sample1.5.tlog\link-cvtres.write.1.tlog
c:\users\mathieu marc pobre\source\repos\pco2\sample1.5\x64\debug\sample1.5.tlog\link-rc.read.1.tlog
c:\users\mathieu marc pobre\source\repos\pco2\sample1.5\x64\debug\sample1.5.tlog\link-rc.write.1.tlog
c:\users\mathieu marc pobre\source\repos\pco2\sample1.5\x64\debug\sample1.5.tlog\link.13860-cvtres.read.1.tlog
c:\users\mathieu marc pobre\source\repos\pco2\sample1.5\x64\debug\sample1.5.tlog\link.13860-cvtres.write.1.tlog
c:\users\mathieu marc pobre\source\repos\pco2\sample1.5\x64\debug\sample1.5.tlog\link.13860-rc.read.1.tlog
c:\users\mathieu marc pobre\source\repos\pco2\sample1.5\x64\debug\sample1.5.tlog\link.13860-rc.write.1.tlog
c:\users\mathieu marc pobre\source\repos\pco2\sample1.5\x64\debug\sample1.5.tlog\link.13860.read.1.tlog
c:\users\mathieu marc pobre\source\repos\pco2\sample1.5\x64\debug\sample1.5.tlog\link.13860.read.2.tlog
c:\users\mathieu marc pobre\source\repos\pco2\sample1.5\x64\debug\sample1.5.tlog\link.13860.read.3.tlog
c:\users\mathieu marc pobre\source\repos\pco2\sample1.5\x64\debug\sample1.5.tlog\link.13860.read.4.tlog
c:\users\mathieu marc pobre\source\repos\pco2\sample1.5\x64\debug\sample1.5.tlog\link.13860.write.1.tlog
c:\users\mathieu marc pobre\source\repos\pco2\sample1.5\x64\debug\sample1.5.tlog\link.command.1.tlog
c:\users\mathieu marc pobre\source\repos\pco2\sample1.5\x64\debug\sample1.5.tlog\link.read.1.tlog
c:\users\mathieu marc pobre\source\repos\pco2\sample1.5\x64\debug\sample1.5.tlog\link.read.2.tlog
c:\users\mathieu marc pobre\source\repos\pco2\sample1.5\x64\debug\sample1.5.tlog\link.read.3.tlog
c:\users\mathieu marc pobre\source\repos\pco2\sample1.5\x64\debug\sample1.5.tlog\link.read.4.tlog
c:\users\mathieu marc pobre\source\repos\pco2\sample1.5\x64\debug\sample1.5.tlog\link.write.1.tlog
